2025-09-27 21:33:24,589 [INFO] BTCBot inicializado - Estrategia EMA9/21 + EMA5/13
2025-09-27 21:33:24,590 [INFO] BTCBot iniciado - EMA9/21 entradas | EMA5/13 salidas
2025-09-27 21:33:24,838 [ERROR] Error inesperado: APIError(code=-1121): Invalid symbol.
2025-09-27 21:33:55,085 [ERROR] Error inesperado: APIError(code=-1121): Invalid symbol.
2025-09-27 21:34:25,331 [ERROR] Error inesperado: APIError(code=-1121): Invalid symbol.
2025-09-27 21:34:55,580 [ERROR] Error inesperado: APIError(code=-1121): Invalid symbol.
2025-09-27 21:35:25,153 [INFO] BTCBot inicializado - Estrategia EMA9/21 + EMA5/13
2025-09-27 21:35:25,155 [INFO] BTCBot iniciado - EMA9/21 entradas | EMA5/13 salidas
2025-09-27 21:35:25,403 [ERROR] Error inesperado: APIError(code=-1120): Invalid interval.
2025-09-27 21:35:55,648 [ERROR] Error inesperado: APIError(code=-1120): Invalid interval.
2025-09-27 21:36:18,672 [INFO] BTCBot inicializado - Estrategia EMA9/21 + EMA5/13
2025-09-27 21:36:18,903 [ERROR] Error inesperado: APIError(code=-1120): Invalid interval.
2025-09-27 21:36:49,135 [ERROR] Error inesperado: APIError(code=-1120): Invalid interval.
2025-09-27 21:37:19,372 [ERROR] Error inesperado: APIError(code=-1120): Invalid interval.
2025-09-27 21:37:51,259 [INFO] BTCBot inicializado - Estrategia EMA9/21 + EMA5/13
2025-09-27 21:37:52,228 [INFO] Señal de salida detectada (aún falta implementar venta)
2025-09-27 21:38:08,361 [INFO] Señal de salida detectada (aún falta implementar venta)
2025-09-27 21:38:24,081 [INFO] Señal de salida detectada (aún falta implementar venta)
2025-09-27 21:38:40,251 [INFO] Señal de salida detectada (aún falta implementar venta)
2025-09-27 21:38:55,722 [INFO] Señal de salida detectada (aún falta implementar venta)
2025-09-27 21:39:11,204 [INFO] Señal de salida detectada (aún falta implementar venta)
2025-09-27 21:39:26,677 [INFO] Señal de salida detectada (aún falta implementar venta)
2025-09-27 21:39:42,146 [INFO] Señal de salida detectada (aún falta implementar venta)
2025-09-27 21:39:57,614 [INFO] Señal de salida detectada (aún falta implementar venta)
2025-09-27 21:40:13,589 [INFO] Señal de salida detectada (aún falta implementar venta)
2025-09-27 21:40:29,344 [INFO] Señal de salida detectada (aún falta implementar venta)
2025-09-27 21:40:45,098 [INFO] Señal de salida detectada (aún falta implementar venta)
2025-09-27 21:41:00,814 [INFO] Señal de salida detectada (aún falta implementar venta)
2025-09-27 21:41:16,520 [INFO] Señal de salida detectada (aún falta implementar venta)
2025-09-27 21:41:32,221 [INFO] Señal de salida detectada (aún falta implementar venta)
2025-09-27 21:41:47,928 [INFO] Señal de salida detectada (aún falta implementar venta)
2025-09-27 21:42:03,633 [INFO] Señal de salida detectada (aún falta implementar venta)
2025-09-27 21:42:19,336 [INFO] Señal de salida detectada (aún falta implementar venta)
2025-09-27 21:42:35,106 [INFO] Señal de salida detectada (aún falta implementar venta)
2025-09-27 21:42:51,242 [INFO] Señal de salida detectada (aún falta implementar venta)
2025-09-27 21:43:06,950 [INFO] Señal de salida detectada (aún falta implementar venta)
2025-09-27 21:43:22,651 [INFO] Señal de salida detectada (aún falta implementar venta)
2025-09-27 21:43:38,380 [INFO] Señal de salida detectada (aún falta implementar venta)
2025-09-27 21:43:54,130 [INFO] Señal de salida detectada (aún falta implementar venta)
2025-09-27 21:44:10,308 [INFO] Señal de salida detectada (aún falta implementar venta)
2025-09-27 21:44:26,007 [INFO] Señal de salida detectada (aún falta implementar venta)
2025-09-27 21:44:41,726 [INFO] Señal de salida detectada (aún falta implementar venta)
2025-09-27 21:44:57,422 [INFO] Señal de salida detectada (aún falta implementar venta)
2025-09-27 21:45:13,401 [INFO] Señal de salida detectada (aún falta implementar venta)
2025-09-27 21:45:29,138 [INFO] Señal de salida detectada (aún falta implementar venta)
2025-09-27 21:45:44,843 [INFO] Señal de salida detectada (aún falta implementar venta)
2025-09-27 21:46:00,550 [INFO] Señal de salida detectada (aún falta implementar venta)
2025-09-27 21:46:16,256 [INFO] Señal de salida detectada (aún falta implementar venta)
2025-09-27 21:46:31,956 [INFO] Señal de salida detectada (aún falta implementar venta)
2025-09-27 21:46:47,688 [INFO] Señal de salida detectada (aún falta implementar venta)
2025-09-27 21:47:03,390 [INFO] Señal de salida detectada (aún falta implementar venta)
2025-09-27 21:47:19,192 [INFO] Señal de salida detectada (aún falta implementar venta)
2025-09-27 21:47:34,897 [INFO] Señal de salida detectada (aún falta implementar venta)
2025-09-27 21:47:50,600 [INFO] Señal de salida detectada (aún falta implementar venta)
2025-09-27 21:49:15,302 [INFO] BTCBot inicializado - Estrategia EMA9/21 + EMA5/13
2025-09-27 22:12:46,770 [INFO] Señal de salida detectada (aún falta implementar venta)
2025-09-27 22:20:11,364 [INFO] BTCBot inicializado - Estrategia EMA9/21 + EMA5/13
2025-09-27 22:40:03,111 [INFO] CROSSOVER ENTRY: EMA9 109402.71 > EMA21 109402.11
2025-09-27 22:40:03,846 [ERROR] Error inesperado: APIError(code=-2015): Invalid API-key, IP, or permissions for action.
2025-09-27 23:20:31,918 [INFO] BTCBot inicializado - Estrategia EMA9/21 + EMA5/13
2025-09-27 23:20:32,431 [INFO] CROSSOVER ENTRY: EMA9 109398.70 > EMA21 109398.33
2025-09-27 23:20:33,226 [ERROR] Error inesperado: APIError(code=-2015): Invalid API-key, IP, or permissions for action.
2025-09-27 23:23:40,988 [INFO] BTCBot inicializado - Estrategia EMA9/21 + EMA5/13
2025-09-27 23:23:41,498 [INFO] CROSSOVER ENTRY: EMA9 109398.70 > EMA21 109398.33
2025-09-27 23:23:42,253 [INFO] COMPRA 109410.95 | SL 109389.26 | TP 109443.48 | ATR 10.84
2025-09-27 23:23:42,253 [INFO] Esperando 5 minutos antes de nueva entrada...
2025-09-27 23:46:03,438 [ERROR] Error inesperado: HTTPSConnectionPool(host='testnet.binance.vision', port=443): Read timed out. (read timeout=10)
2025-09-28 00:19:18,172 [INFO] BTCBot inicializado - Estrategia EMA9/21 + EMA5/13
2025-09-28 01:03:07,658 [INFO] BTCBot inicializado - Estrategia EMA9/21 + EMA5/13
2025-09-28 16:00:41,932 [INFO] BTCBot inicializado - Estrategia EMA9/21 + EMA5/13
2025-09-28 16:10:11,269 [INFO] BTCBot inicializado - Estrategia EMA9/21 + EMA5/13
2025-09-28 16:10:11,577 [ERROR] Error inesperado: APIError(code=-1121): Invalid symbol.
2025-09-28 16:10:41,884 [ERROR] Error inesperado: APIError(code=-1121): Invalid symbol.
2025-09-28 16:10:54,910 [INFO] BTCBot inicializado - Estrategia EMA9/21 + EMA5/13
2025-09-28 16:14:07,669 [INFO] BTCBot inicializado - Estrategia EMA9/21 + EMA5/13
2025-09-28 16:26:25,415 [INFO] BTCFuturesBot inicializado - Estrategia EMA9/21 + EMA5/13
2025-09-28 16:26:58,316 [INFO] BTCFuturesBot inicializado - Estrategia EMA9/21 + EMA5/13
2025-09-28 16:27:33,007 [INFO] BTCFuturesBot inicializado - Estrategia EMA9/21 + EMA5/13
2025-09-28 16:28:08,195 [INFO] BTCFuturesBot inicializado - Estrategia EMA9/21 + EMA5/13
2025-10-03 20:04:22,088 [INFO] BTCFuturesBot inicializado - Estrategia EMA9/21 + EMA5/13
2025-10-03 20:40:41,758 [INFO] CROSSOVER ENTRY: EMA9 122422.52 > EMA21 122398.02
2025-10-03 20:40:43,826 [INFO] COMPRA 122662.60 | SL 122026.90 | TP 123616.15 | ATR 317.85
2025-10-03 20:40:43,826 [INFO] Esperando 5 minutos antes de nueva entrada...
2025-10-03 20:56:34,523 [INFO] VENTA 122407.40 | Cerrando posición
2025-10-03 20:56:34,524 [INFO] Posición cerrada
2025-10-03 22:56:18,570 [INFO] CROSSOVER ENTRY: EMA9 122420.46 > EMA21 122412.13
2025-10-03 22:56:19,754 [INFO] COMPRA 122500.40 | SL 122159.77 | TP 123011.34 | ATR 170.31
2025-10-03 22:56:19,754 [INFO] Esperando 5 minutos antes de nueva entrada...
2025-10-03 23:05:59,404 [INFO] VENTA 122353.70 | Cerrando posición
2025-10-03 23:05:59,404 [INFO] Posición cerrada
2025-10-04 00:15:39,988 [INFO] CROSSOVER ENTRY: EMA9 122320.72 > EMA21 122310.68
2025-10-04 00:15:41,157 [INFO] COMPRA 122407.00 | SL 122195.07 | TP 122724.89 | ATR 105.96
2025-10-04 00:15:41,158 [INFO] Esperando 5 minutos antes de nueva entrada...
2025-10-04 00:56:52,670 [INFO] VENTA 122400.10 | Cerrando posición
2025-10-04 00:56:52,670 [INFO] Posición cerrada
